#
# There is insufficient memory for the Java Runtime Environment to continue.
# Native memory allocation (malloc) failed to allocate 1434736 bytes for Chunk::new
# Possible reasons:
#   The system is out of physical RAM or swap space
#   In 32 bit mode, the process size limit was hit
# Possible solutions:
#   Reduce memory load on the system
#   Increase physical memory or swap space
#   Check if swap backing store is full
#   Use 64 bit Java on a 64 bit OS
#   Decrease Java heap size (-Xmx/-Xms)
#   Decrease number of Java threads
#   Decrease Java thread stack sizes (-Xss)
#   Set larger code cache with -XX:ReservedCodeCacheSize=
# This output file may be truncated or incomplete.
#
#  Out of Memory Error (allocation.cpp:390), pid=7888, tid=7220
#
# JRE version: Java(TM) SE Runtime Environment (8.0_45-b14) (build 1.8.0_45-b14)
# Java VM: Java HotSpot(TM) 64-Bit Server VM (25.45-b02 mixed mode windows-amd64 compressed oops)
# Failed to write core dump. Minidumps are not enabled by default on client versions of Windows
#

---------------  T H R E A D  ---------------

Current thread (0x0000000014fc3000):  JavaThread "C2 CompilerThread0" daemon [_thread_in_native, id=7220, stack(0x0000000016140000,0x0000000016240000)]

Stack: [0x0000000016140000,0x0000000016240000]
Native frames: (J=compiled Java code, j=interpreted, Vv=VM code, C=native code)
V  [jvm.dll+0x32b57a]


Current CompileTask:
C2: 163307 2259   !   4       java.net.URLClassLoader$1::run (63 bytes)


---------------  P R O C E S S  ---------------

Java Threads: ( => current thread )
  0x000000001975e000 JavaThread "File lock request listener" [_thread_in_native, id=4196, stack(0x000000001a660000,0x000000001a760000)]
  0x000000001733a000 JavaThread "Daemon worker" [_thread_in_native, id=6880, stack(0x0000000018f60000,0x0000000019060000)]
  0x00000000171d2000 JavaThread "Cancel handler" [_thread_blocked, id=2580, stack(0x0000000018d90000,0x0000000018e90000)]
  0x00000000171bd000 JavaThread "Handler for socket connection from /127.0.0.1:17291 to /127.0.0.1:17295" [_thread_in_native, id=7240, stack(0x0000000018bc0000,0x0000000018cc0000)]
  0x00000000171ba000 JavaThread "Daemon" [_thread_blocked, id=5580, stack(0x0000000018920000,0x0000000018a20000)]
  0x0000000016de1800 JavaThread "Incoming local TCP Connector on port 17291" [_thread_in_native, id=8112, stack(0x0000000016900000,0x0000000016a00000)]
  0x000000001501c000 JavaThread "Service Thread" daemon [_thread_blocked, id=7456, stack(0x0000000016800000,0x0000000016900000)]
  0x0000000014fca000 JavaThread "C1 CompilerThread1" daemon [_thread_blocked, id=6708, stack(0x0000000015c10000,0x0000000015d10000)]
=>0x0000000014fc3000 JavaThread "C2 CompilerThread0" daemon [_thread_in_native, id=7220, stack(0x0000000016140000,0x0000000016240000)]
  0x0000000014fc1800 JavaThread "Attach Listener" daemon [_thread_blocked, id=3512, stack(0x0000000015ff0000,0x00000000160f0000)]
  0x0000000014fb4800 JavaThread "Signal Dispatcher" daemon [_thread_blocked, id=4240, stack(0x0000000015ea0000,0x0000000015fa0000)]
  0x0000000014f57800 JavaThread "Finalizer" daemon [_thread_blocked, id=6560, stack(0x0000000015d80000,0x0000000015e80000)]
  0x0000000014f54000 JavaThread "Reference Handler" daemon [_thread_blocked, id=7876, stack(0x0000000015ac0000,0x0000000015bc0000)]
  0x000000000231f000 JavaThread "main" [_thread_blocked, id=6820, stack(0x0000000002600000,0x0000000002700000)]

Other Threads:
  0x0000000014f4e000 VMThread [stack: 0x0000000015910000,0x0000000015a10000] [id=7840]
  0x000000001501f000 WatcherThread [stack: 0x0000000016a00000,0x0000000016b00000] [id=6980]

VM state:not at safepoint (normal execution)

VM Mutex/Monitor currently owned by a thread: None

Heap:
 PSYoungGen      total 70144K, used 17525K [0x00000000eab00000, 0x00000000ef700000, 0x0000000100000000)
  eden space 62464K, 28% used [0x00000000eab00000,0x00000000ebc1d400,0x00000000ee800000)
  from space 7680K, 0% used [0x00000000ee800000,0x00000000ee800000,0x00000000eef80000)
  to   space 7680K, 0% used [0x00000000eef80000,0x00000000eef80000,0x00000000ef700000)
 ParOldGen       total 29184K, used 8138K [0x00000000c0000000, 0x00000000c1c80000, 0x00000000eab00000)
  object space 29184K, 27% used [0x00000000c0000000,0x00000000c07f2818,0x00000000c1c80000)
 Metaspace       used 24263K, capacity 24902K, committed 25216K, reserved 1077248K
  class space    used 3106K, capacity 3372K, committed 3456K, reserved 1048576K

Card table byte_map: [0x0000000011d90000,0x0000000011fa0000] byte_map_base: 0x0000000011790000

Marking Bits: (ParMarkBitMap*) 0x0000000065fb4040
 Begin Bits: [0x0000000012420000, 0x0000000013420000)
 End Bits:   [0x0000000013420000, 0x0000000014420000)

Polling page: 0x0000000000130000

CodeCache: size=245760Kb used=9221Kb max_used=9221Kb free=236538Kb
 bounds [0x00000000029d0000, 0x00000000032e0000, 0x00000000119d0000]
 total_blobs=2984 nmethods=2358 adapters=540
 compilation: enabled

Compilation events (10 events):
Event: 150.686 Thread 0x0000000014fca000 2323       1       org.codehaus.groovy.ast.ASTNode::getColumnNumber (5 bytes)
Event: 150.686 Thread 0x0000000014fca000 nmethod 2323 0x0000000002ce92d0 code [0x0000000002ce9420, 0x0000000002ce9530]
Event: 150.686 Thread 0x0000000014fca000 2324       1       org.codehaus.groovy.ast.ASTNode::getLineNumber (5 bytes)
Event: 150.686 Thread 0x0000000014fca000 nmethod 2324 0x0000000002cac590 code [0x0000000002cac6e0, 0x0000000002cac7f0]
Event: 150.686 Thread 0x0000000014fca000 2325       1       org.codehaus.groovy.ast.ImportNode::visit (1 bytes)
Event: 150.686 Thread 0x0000000014fca000 nmethod 2325 0x0000000002cac2d0 code [0x0000000002cac420, 0x0000000002cac530]
Event: 150.687 Thread 0x0000000014fca000 2326       3       org.codehaus.groovy.control.StaticImportVisitor::visitAnnotations (21 bytes)
Event: 150.687 Thread 0x0000000014fca000 nmethod 2326 0x0000000002b92fd0 code [0x0000000002b93140, 0x0000000002b932e8]
Event: 150.722 Thread 0x0000000014fca000 2327       3       org.codehaus.groovy.ast.ClassCodeVisitorSupport::visitAnnotations (113 bytes)
Event: 150.723 Thread 0x0000000014fca000 nmethod 2327 0x0000000002ea5d10 code [0x0000000002ea5f80, 0x0000000002ea6de8]

GC Heap History (10 events):
Event: 149.339 GC heap before
{Heap before GC invocations=13 (full 1):
 PSYoungGen      total 31744K, used 24768K [0x00000000eab00000, 0x00000000edf80000, 0x0000000100000000)
  eden space 24576K, 100% used [0x00000000eab00000,0x00000000ec300000,0x00000000ec300000)
  from space 7168K, 2% used [0x00000000ec300000,0x00000000ec330000,0x00000000eca00000)
  to   space 7168K, 0% used [0x00000000ed880000,0x00000000ed880000,0x00000000edf80000)
 ParOldGen       total 29184K, used 10193K [0x00000000c0000000, 0x00000000c1c80000, 0x00000000eab00000)
  object space 29184K, 34% used [0x00000000c0000000,0x00000000c09f47d0,0x00000000c1c80000)
 Metaspace       used 22684K, capacity 23186K, committed 23424K, reserved 1069056K
  class space    used 2938K, capacity 3112K, committed 3200K, reserved 1048576K
Event: 149.381 GC heap after
Heap after GC invocations=13 (full 1):
 PSYoungGen      total 46080K, used 128K [0x00000000eab00000, 0x00000000ee080000, 0x0000000100000000)
  eden space 38912K, 0% used [0x00000000eab00000,0x00000000eab00000,0x00000000ed100000)
  from space 7168K, 1% used [0x00000000ed880000,0x00000000ed8a0000,0x00000000edf80000)
  to   space 7680K, 0% used [0x00000000ed100000,0x00000000ed100000,0x00000000ed880000)
 ParOldGen       total 29184K, used 10337K [0x00000000c0000000, 0x00000000c1c80000, 0x00000000eab00000)
  object space 29184K, 35% used [0x00000000c0000000,0x00000000c0a187e0,0x00000000c1c80000)
 Metaspace       used 22684K, capacity 23186K, committed 23424K, reserved 1069056K
  class space    used 2938K, capacity 3112K, committed 3200K, reserved 1048576K
}
Event: 149.596 GC heap before
{Heap before GC invocations=14 (full 1):
 PSYoungGen      total 46080K, used 39040K [0x00000000eab00000, 0x00000000ee080000, 0x0000000100000000)
  eden space 38912K, 100% used [0x00000000eab00000,0x00000000ed100000,0x00000000ed100000)
  from space 7168K, 1% used [0x00000000ed880000,0x00000000ed8a0000,0x00000000edf80000)
  to   space 7680K, 0% used [0x00000000ed100000,0x00000000ed100000,0x00000000ed880000)
 ParOldGen       total 29184K, used 10337K [0x00000000c0000000, 0x00000000c1c80000, 0x00000000eab00000)
  object space 29184K, 35% used [0x00000000c0000000,0x00000000c0a187e0,0x00000000c1c80000)
 Metaspace       used 22708K, capacity 23250K, committed 23424K, reserved 1069056K
  class space    used 2939K, capacity 3112K, committed 3200K, reserved 1048576K
Event: 149.677 GC heap after
Heap after GC invocations=14 (full 1):
 PSYoungGen      total 46592K, used 432K [0x00000000eab00000, 0x00000000ef700000, 0x0000000100000000)
  eden space 38912K, 0% used [0x00000000eab00000,0x00000000eab00000,0x00000000ed100000)
  from space 7680K, 5% used [0x00000000ed100000,0x00000000ed16c010,0x00000000ed880000)
  to   space 7680K, 0% used [0x00000000eef80000,0x00000000eef80000,0x00000000ef700000)
 ParOldGen       total 29184K, used 10457K [0x00000000c0000000, 0x00000000c1c80000, 0x00000000eab00000)
  object space 29184K, 35% used [0x00000000c0000000,0x00000000c0a367e0,0x00000000c1c80000)
 Metaspace       used 22708K, capacity 23250K, committed 23424K, reserved 1069056K
  class space    used 2939K, capacity 3112K, committed 3200K, reserved 1048576K
}
Event: 149.833 GC heap before
{Heap before GC invocations=15 (full 1):
 PSYoungGen      total 46592K, used 39344K [0x00000000eab00000, 0x00000000ef700000, 0x0000000100000000)
  eden space 38912K, 100% used [0x00000000eab00000,0x00000000ed100000,0x00000000ed100000)
  from space 7680K, 5% used [0x00000000ed100000,0x00000000ed16c010,0x00000000ed880000)
  to   space 7680K, 0% used [0x00000000eef80000,0x00000000eef80000,0x00000000ef700000)
 ParOldGen       total 29184K, used 10457K [0x00000000c0000000, 0x00000000c1c80000, 0x00000000eab00000)
  object space 29184K, 35% used [0x00000000c0000000,0x00000000c0a367e0,0x00000000c1c80000)
 Metaspace       used 22710K, capacity 23250K, committed 23424K, reserved 1069056K
  class space    used 2939K, capacity 3112K, committed 3200K, reserved 1048576K
Event: 149.886 GC heap after
Heap after GC invocations=15 (full 1):
 PSYoungGen      total 70144K, used 128K [0x00000000eab00000, 0x00000000ef700000, 0x0000000100000000)
  eden space 62464K, 0% used [0x00000000eab00000,0x00000000eab00000,0x00000000ee800000)
  from space 7680K, 1% used [0x00000000eef80000,0x00000000eefa0000,0x00000000ef700000)
  to   space 7680K, 0% used [0x00000000ee800000,0x00000000ee800000,0x00000000eef80000)
 ParOldGen       total 29184K, used 10846K [0x00000000c0000000, 0x00000000c1c80000, 0x00000000eab00000)
  object space 29184K, 37% used [0x00000000c0000000,0x00000000c0a97820,0x00000000c1c80000)
 Metaspace       used 22710K, capacity 23250K, committed 23424K, reserved 1069056K
  class space    used 2939K, capacity 3112K, committed 3200K, reserved 1048576K
}
Event: 150.293 GC heap before
{Heap before GC invocations=16 (full 1):
 PSYoungGen      total 70144K, used 62592K [0x00000000eab00000, 0x00000000ef700000, 0x0000000100000000)
  eden space 62464K, 100% used [0x00000000eab00000,0x00000000ee800000,0x00000000ee800000)
  from space 7680K, 1% used [0x00000000eef80000,0x00000000eefa0000,0x00000000ef700000)
  to   space 7680K, 0% used [0x00000000ee800000,0x00000000ee800000,0x00000000eef80000)
 ParOldGen       total 29184K, used 10846K [0x00000000c0000000, 0x00000000c1c80000, 0x00000000eab00000)
  object space 29184K, 37% used [0x00000000c0000000,0x00000000c0a97820,0x00000000c1c80000)
 Metaspace       used 22727K, capacity 23250K, committed 23424K, reserved 1069056K
  class space    used 2940K, capacity 3112K, committed 3200K, reserved 1048576K
Event: 150.305 GC heap after
Heap after GC invocations=16 (full 1):
 PSYoungGen      total 70144K, used 192K [0x00000000eab00000, 0x00000000ef700000, 0x0000000100000000)
  eden space 62464K, 0% used [0x00000000eab00000,0x00000000eab00000,0x00000000ee800000)
  from space 7680K, 2% used [0x00000000ee800000,0x00000000ee830000,0x00000000eef80000)
  to   space 7680K, 0% used [0x00000000eef80000,0x00000000eef80000,0x00000000ef700000)
 ParOldGen       total 29184K, used 10950K [0x00000000c0000000, 0x00000000c1c80000, 0x00000000eab00000)
  object space 29184K, 37% used [0x00000000c0000000,0x00000000c0ab1820,0x00000000c1c80000)
 Metaspace       used 22727K, capacity 23250K, committed 23424K, reserved 1069056K
  class space    used 2940K, capacity 3112K, committed 3200K, reserved 1048576K
}
Event: 150.592 GC heap before
{Heap before GC invocations=17 (full 1):
 PSYoungGen      total 70144K, used 62656K [0x00000000eab00000, 0x00000000ef700000, 0x0000000100000000)
  eden space 62464K, 100% used [0x00000000eab00000,0x00000000ee800000,0x00000000ee800000)
  from space 7680K, 2% used [0x00000000ee800000,0x00000000ee830000,0x00000000eef80000)
  to   space 7680K, 0% used [0x00000000eef80000,0x00000000eef80000,0x00000000ef700000)
 ParOldGen       total 29184K, used 10950K [0x00000000c0000000, 0x00000000c1c80000, 0x00000000eab00000)
  object space 29184K, 37% used [0x00000000c0000000,0x00000000c0ab1820,0x00000000c1c80000)
 Metaspace       used 22727K, capacity 23250K, committed 23424K, reserved 1069056K
  class space    used 2940K, capacity 3112K, committed 3200K, reserved 1048576K
Event: 150.601 GC heap after
Heap after GC invocations=17 (full 1):
 PSYoungGen      total 70144K, used 544K [0x00000000eab00000, 0x00000000ef700000, 0x0000000100000000)
  eden space 62464K, 0% used [0x00000000eab00000,0x00000000eab00000,0x00000000ee800000)
  from space 7680K, 7% used [0x00000000eef80000,0x00000000ef008020,0x00000000ef700000)
  to   space 7680K, 0% used [0x00000000ee800000,0x00000000ee800000,0x00000000eef80000)
 ParOldGen       total 29184K, used 11110K [0x00000000c0000000, 0x00000000c1c80000, 0x00000000eab00000)
  object space 29184K, 38% used [0x00000000c0000000,0x00000000c0ad9820,0x00000000c1c80000)
 Metaspace       used 22727K, capacity 23250K, committed 23424K, reserved 1069056K
  class space    used 2940K, capacity 3112K, committed 3200K, reserved 1048576K
}

Deoptimization events (10 events):
Event: 143.567 Thread 0x000000001733a000 Uncommon trap: reason=unstable_if action=reinterpret pc=0x00000000030cdc6c method=java.io.StringReader.read()I @ 19
Event: 143.567 Thread 0x000000001733a000 Uncommon trap: reason=unstable_if action=reinterpret pc=0x00000000030d0b04 method=org.codehaus.groovy.antlr.SourceBuffer.write(I)V @ 2
Event: 148.672 Thread 0x000000001733a000 Uncommon trap: reason=unstable_if action=reinterpret pc=0x00000000030ce60c method=groovyjarjarantlr.ANTLRStringBuffer.append(C)V @ 9
Event: 148.672 Thread 0x000000001733a000 Uncommon trap: reason=unstable_if action=reinterpret pc=0x00000000030cc0fc method=groovyjarjarantlr.ANTLRStringBuffer.append(C)V @ 9
Event: 149.496 Thread 0x000000001733a000 Uncommon trap: reason=unstable_if action=reinterpret pc=0x00000000030c2a0c method=org.codehaus.groovy.ast.ClassNode.redirect()Lorg/codehaus/groovy/ast/ClassNode; @ 4
Event: 149.503 Thread 0x000000001733a000 Uncommon trap: reason=unstable_if action=reinterpret pc=0x000000000323804c method=org.codehaus.groovy.ast.ClassNode.redirect()Lorg/codehaus/groovy/ast/ClassNode; @ 4
Event: 149.513 Thread 0x000000001733a000 Uncommon trap: reason=unstable_if action=reinterpret pc=0x0000000002cc3f60 method=java.util.LinkedHashMap.afterNodeInsertion(Z)V @ 1
Event: 150.125 Thread 0x000000001733a000 Uncommon trap: reason=bimorphic action=maybe_recompile pc=0x0000000002e92eb4 method=org.codehaus.groovy.control.ResolveVisitor.resolveFromCompileUnit(Lorg/codehaus/groovy/ast/ClassNode;)Z @ 16
Event: 150.128 Thread 0x000000001733a000 Uncommon trap: reason=unstable_if action=reinterpret pc=0x0000000002e92cd0 method=org.codehaus.groovy.ast.ClassNode.getCompileUnit()Lorg/codehaus/groovy/ast/CompileUnit; @ 26
Event: 150.129 Thread 0x000000001733a000 Uncommon trap: reason=unstable_if action=reinterpret pc=0x0000000003263e24 method=org.codehaus.groovy.ast.ClassNode.redirect()Lorg/codehaus/groovy/ast/ClassNode; @ 4

Internal exceptions (10 events):
Event: 134.748 Thread 0x000000001733a000 Exception <a 'java/lang/ClassNotFoundException': groovy/lang/ClosureBeanInfo> (0x00000000eb2127e0) thrown at [C:\re\workspace\8-2-build-windows-amd64-cygwin\jdk8u45\3457\hotspot\src\share\vm\classfile\systemDictionary.cpp, line 210]
Event: 134.748 Thread 0x000000001733a000 Exception <a 'java/lang/ClassNotFoundException': groovy/lang/ClosureCustomizer> (0x00000000eb2252f8) thrown at [C:\re\workspace\8-2-build-windows-amd64-cygwin\jdk8u45\3457\hotspot\src\share\vm\classfile\systemDictionary.cpp, line 210]
Event: 135.646 Thread 0x000000001733a000 Exception <a 'java/lang/ClassNotFoundException': groovy/lang/Closure$1Customizer> (0x00000000eb287958) thrown at [C:\re\workspace\8-2-build-windows-amd64-cygwin\jdk8u45\3457\hotspot\src\share\vm\classfile\systemDictionary.cpp, line 210]
Event: 136.914 Thread 0x000000001733a000 Implicit null exception at 0x0000000002f649d3 to 0x0000000002f657e9
Event: 136.919 Thread 0x000000001733a000 Exception <a 'java/lang/ClassNotFoundException': org/gradle/invocation/DefaultGradle_DecoratedBeanInfo> (0x00000000eabc00f0) thrown at [C:\re\workspace\8-2-build-windows-amd64-cygwin\jdk8u45\3457\hotspot\src\share\vm\classfile\systemDictionary.cpp, line 21ùšð5la@
Event: 136.919 Thread 0x000000001733a000 Exception <a 'java/lang/ClassNotFoundException': org/gradle/invocation/DefaultGradleBeanInfo> (0x00000000eabd7a68) thrown at [C:\re\workspace\8-2-build-windows-amd64-cygwin\jdk8u45\3457\hotspot\src\share\vm\classfile\systemDictionary.cpp, line 210]
Event: 136.928 Thread 0x000000001733a000 Exception <a 'java/lang/ClassNotFoundException': org/gradle/api/internal/project/AbstractPluginAwareBeanInfo> (0x00000000eabf4948) thrown at [C:\re\workspace\8-2-build-windows-amd64-cygwin\jdk8u45\3457\hotspot\src\share\vm\classfile\systemDictionary.cpp, lSì0©·a@
Event: 136.929 Thread 0x000000001733a000 Exception <a 'java/lang/ClassNotFoundException': org/gradle/api/internal/project/AbstractPluginAwareCustomizer> (0x00000000eac11f08) thrown at [C:\re\workspace\8-2-build-windows-amd64-cygwin\jdk8u45\3457\hotspot\src\share\vm\classfile\systemDictionary.cpp,[ôÏ@Àa@
Event: 136.930 Thread 0x000000001733a000 Exception <a 'java/lang/ClassNotFoundException': org/gradle/invocation/DefaultGradleCustomizer> (0x00000000eac2d208) thrown at [C:\re\workspace\8-2-build-windows-amd64-cygwin\jdk8u45\3457\hotspot\src\share\vm\classfile\systemDictionary.cpp, line 210]
Event: 136.938 Thread 0x000000001733a000 Exception <a 'java/lang/ClassNotFoundException': org/gradle/invocation/DefaultGradle_DecoratedCustomizer> (0x00000000eac67ee0) thrown at [C:\re\workspace\8-2-build-windows-amd64-cygwin\jdk8u45\3457\hotspot\src\share\vm\classfile\systemDictionary.cpp, line êüËì×`@

Events (10 events):
Event: 150.682 loading class javax/inject$Inject
Event: 150.682 loading class javax/inject$Inject done
Event: 150.682 loading class javax/inject/Inject
Event: 150.682 loading class javax/inject/Inject done
Event: 150.688 loading class org/codehaus/groovy/classgen/InnerClassVisitor
Event: 150.688 loading class org/codehaus/groovy/classgen/InnerClassVisitor done
Event: 150.721 loading class org/codehaus/groovy/classgen/InnerClassVisitorHelper
Event: 150.721 loading class org/codehaus/groovy/classgen/InnerClassVisitorHelper done
Event: 150.723 loading class org/codehaus/groovy/transform/AnnotationCollectorTransform$ClassChanger
Event: 150.723 loading class org/codehaus/groovy/transform/AnnotationCollectorTransform$ClassChanger done


Dynamic libraries:
0x000000013f7b0000 - 0x000000013f7e7000 	D:\Program Files\Java\jdk1.8.0_45\bin\java.exe
0x0000000077360000 - 0x0000000077508000 	E:\Windows\SYSTEM32\ntdll.dll
0x0000000077140000 - 0x000000007725f000 	E:\Windows\system32\kernel32.dll
0x000007fefd160000 - 0x000007fefd1cc000 	E:\Windows\system32\KERNELBASE.dll
0x000007feff030000 - 0x000007feff10b000 	E:\Windows\system32\ADVAPI32.dll
0x000007fefd930000 - 0x000007fefd9cf000 	E:\Windows\system32\msvcrt.dll
0x000007fefef70000 - 0x000007fefef8f000 	E:\Windows\SYSTEM32\sechost.dll
0x000007feff360000 - 0x000007feff48d000 	E:\Windows\system32\RPCRT4.dll
0x0000000077260000 - 0x000000007735a000 	E:\Windows\system32\USER32.dll
0x000007fefd4e0000 - 0x000007fefd547000 	E:\Windows\system32\GDI32.dll
0x000007fefdb60000 - 0x000007fefdb6e000 	E:\Windows\system32\LPK.dll
0x000007fefe110000 - 0x000007fefe1d9000 	E:\Windows\system32\USP10.dll
0x000007fefb790000 - 0x000007fefb984000 	E:\Windows\WinSxS\amd64_microsoft.windows.common-controls_6595b64144ccf1df_6.0.7601.18837_none_fa3b1e3d17594757\COMCTL32.dll
0x000007fefd9d0000 - 0x000007fefda41000 	E:\Windows\system32\SHLWAPI.dll
0x000007feff490000 - 0x000007feff4be000 	E:\Windows\system32\IMM32.DLL
0x000007fefda50000 - 0x000007fefdb59000 	E:\Windows\system32\MSCTF.dll
0x00000000794e0000 - 0x00000000795b2000 	D:\Program Files\Java\jdk1.8.0_45\jre\bin\msvcr100.dll
0x00000000657b0000 - 0x0000000066033000 	D:\Program Files\Java\jdk1.8.0_45\jre\bin\server\jvm.dll
0x000007fef6ca0000 - 0x000007fef6ca9000 	E:\Windows\system32\WSOCK32.dll
0x000007fefe0b0000 - 0x000007fefe0fd000 	E:\Windows\system32\WS2_32.dll
0x000007fefe100000 - 0x000007fefe108000 	E:\Windows\system32\NSI.dll
0x000007fefae30000 - 0x000007fefae6b000 	E:\Windows\system32\WINMM.dll
0x000007fefc210000 - 0x000007fefc21c000 	E:\Windows\system32\VERSION.dll
0x0000000077520000 - 0x0000000077527000 	E:\Windows\system32\PSAPI.DLL
0x0000000066af0000 - 0x0000000066aff000 	D:\Program Files\Java\jdk1.8.0_45\jre\bin\verify.dll
0x0000000066ac0000 - 0x0000000066ae9000 	D:\Program Files\Java\jdk1.8.0_45\jre\bin\java.dll
0x00000000656b0000 - 0x00000000656c6000 	D:\Program Files\Java\jdk1.8.0_45\jre\bin\zip.dll
0x000007fefe1e0000 - 0x000007fefef69000 	E:\Windows\system32\SHELL32.dll
0x000007fefdbd0000 - 0x000007fefddd3000 	E:\Windows\system32\ole32.dll
0x000007fefd120000 - 0x000007fefd12f000 	E:\Windows\system32\profapi.dll
0x000007fefc920000 - 0x000007fefc938000 	E:\Windows\system32\CRYPTSP.dll
0x000007fefc620000 - 0x000007fefc667000 	E:\Windows\system32\rsaenh.dll
0x000007fefd140000 - 0x000007fefd15e000 	E:\Windows\system32\USERENV.dll
0x000007fefcf80000 - 0x000007fefcf8f000 	E:\Windows\system32\CRYPTBASE.dll
0x0000000065690000 - 0x00000000656aa000 	D:\Program Files\Java\jdk1.8.0_45\jre\bin\net.dll
0x000007fefc8c0000 - 0x000007fefc915000 	E:\Windows\system32\mswsock.dll
0x000007fefc8b0000 - 0x000007fefc8b7000 	E:\Windows\System32\wship6.dll
0x000007fefad70000 - 0x000007fefad97000 	E:\Windows\system32\IPHLPAPI.DLL
0x000007fefad60000 - 0x000007fefad6b000 	E:\Windows\system32\WINNSI.DLL
0x000007fefaba0000 - 0x000007fefabb1000 	E:\Windows\system32\dhcpcsvc6.DLL
0x000007fefab80000 - 0x000007fefab98000 	E:\Windows\system32\dhcpcsvc.DLL
0x0000000065670000 - 0x0000000065681000 	D:\Program Files\Java\jdk1.8.0_45\jre\bin\nio.dll
0x000007fef0260000 - 0x000007fef0272000 	E:\Users\Jet\AppData\Local\Temp\native-platform846280772768955632dir\native-platform.dll
0x000007fefcf20000 - 0x000007fefcf77000 	E:\Windows\system32\apphelp.dll
0x000007fee40c0000 - 0x000007fee41e5000 	E:\Windows\system32\dbghelp.dll

VM Arguments:
jvm_args: -XX:MaxPermSize=256m -XX:+HeapDumpOnOutOfMemoryError -Xmx1024m -Dfile.encoding=windows-1256 -Duser.country=US -Duser.language=en -Duser.variant 
java_command: org.gradle.launcher.daemon.bootstrap.GradleDaemon 2.2.1 E:\Users\Jet\.gradle\daemon 10800000 94463748-8c9c-460a-b7bf-9ae9cf32f999 -XX:MaxPermSize=256m -XX:+HeapDumpOnOutOfMemoryError -Xmx1024m -Dfile.encoding=windows-1256 -Duser.country=US -Duser.language=en -Duser.variant
java_class_path (initial): E:\Program Files\Android\Android Studio\gradle\gradle-2.2.1\lib\gradle-launcher-2.2.1.jar
Launcher Type: SUN_STANDARD

Environment Variables:
PATH=E:\Windows\system32;E:\Windows;E:\Windows\System32\Wbem;E:\Windows\System32\WindowsPowerShell\v1.0\;E:\Program Files (x86)\Microsoft SQL Server\100\Tools\Binn\;E:\Program Files\Microsoft SQL Server\100\Tools\Binn\;E:\Program Files\Microsoft SQL Server\100\DTS\Binn\;E:\Program Files (x86)\Microsoft SQL Server\100\Tools\Binn\VSShell\Common7\IDE\;E:\Program Files (x86)\Microsoft Visual Studio 9.0\Common7\IDE\PrivateAssemblies\;E:\Program Files (x86)\Microsoft SQL Server\100\DTS\Binn\;E:\Program Files\Microsoft SQL Server\110\Tools\Binn\;E:\Program Files (x86)\Microsoft SDKs\TypeScript\1.0\;E:\Program Files (x86)\Microsoft SQL Server\80\Tools\Binn\;E:\Program Files (x86)\Microsoft SQL Server\90\Tools\binn\;E:\Program Files (x86)\Microsoft SQL Server\90\DTS\Binn\;E:\Program Files (x86)\Microsoft SQL Server\90\Tools\Binn\VSShell\Common7\IDE\;E:\Program Files (x86)\Microsoft Visual Studio 8\Common7\IDE\PrivateAssemblies\;D:\Program Files\Java\jdk1.8.0_45\jre\bin;E:\Program Files\Microsoft\Web Platform Installer\
USERNAME=Jet
OS=Windows_NT
PROCESSOR_IDENTIFIER=Intel64 Family 6 Model 15 Stepping 11, GenuineIntel



---------------  S Y S T E M  ---------------

OS: Windows 7 , 64 bit Build 7601 (6.1.7601.18847)

CPU:total 2 (2 cores per cpu, 1 threads per core) family 6 model 15 stepping 11, cmov, cx8, fxsr, mmx, sse, sse2, sse3, ssse3, tsc

Memory: 4k page, physical 4157944k(71220k free), swap 7130100k(2480k free)

vm_info: Java HotSpot(TM) 64-Bit Server VM (25.45-b02) for windows-amd64 JRE (1.8.0_45-b14), built on Apr 10 2015 10:34:15 by "java_re" with MS VC++ 10.0 (VS2010)

time: Mon Sep 28 18:46:32 2015
elapsed time: 167 seconds (0d 0h 2m 47s)

